<?xml version="1.0" encoding="UTF-8"?>
<testsuite name="core.RiceCookerTest" tests="5" skipped="0" failures="0" errors="0" timestamp="2023-12-18T19:20:55" hostname="YUMII" time="5.092">
  <properties/>
  <testcase name="addRiceCup()" classname="core.RiceCookerTest" time="0.071"/>
  <testcase name="addWaterCup()" classname="core.RiceCookerTest" time="0.002"/>
  <testcase name="cookRawFoodsAndGetServed()" classname="core.RiceCookerTest" time="5.007"/>
  <testcase name="canOpenAndCloseLid()" classname="core.RiceCookerTest" time="0.002"/>
  <testcase name="plugAndUnplug()" classname="core.RiceCookerTest" time="0.001"/>
  <system-out><![CDATA[[INFO] Consider opening the inner pot lid[INFO] Consider opening the inner pot lidCooking..., [WARN] for your security, don't try to cancel the operation
Food is ready to be served
[DANGEROUS] You shouldn't be touching the lid]]></system-out>
  <system-err><![CDATA[]]></system-err>
</testsuite>
